<?xml version="1.0" encoding="UTF-8"?>
<testsuite xmlns:xsi="http://www.w3.org/2001/XMLSchema-instance" xsi:noNamespaceSchemaLocation="https://maven.apache.org/surefire/maven-surefire-plugin/xsd/surefire-test-report-3.0.xsd" version="3.0" name="org.producos.spring.java.productos2826502.Productos2826502ApplicationTests" time="4.975" tests="1" errors="0" skipped="0" failures="0">
  <properties>
[...]
</properties>
  <testcase name="contextLoads" classname="org.producos.spring.java.productos2826502.Productos2826502ApplicationTests" time="1.45">
    <system-out><![CDATA[15:01:12.927 [main] INFO org.springframework.test.context.support.AnnotationConfigContextLoaderUtils -- Could not detect default configuration classes for test class [org.producos.spring.java.productos2826502.Productos2826502ApplicationTests]: Productos2826502ApplicationTests does not declare any static, non-private, non-final, nested classes annotated with @Configuration.
15:01:13.104 [main] INFO org.springframework.boot.test.context.SpringBootTestContextBootstrapper -- Found @SpringBootConfiguration org.producos.spring.java.productos2826502.Productos2826502Application for test class org.producos.spring.java.productos2826502.Productos2826502ApplicationTests
15:01:13.423 [main] INFO org.springframework.boot.devtools.restart.RestartApplicationListener -- Restart disabled due to context in which it is running

  .   ____          _            __ _ _
 /\\ / ___'_ __ _ _(_)_ __  __ _ \ \ \ \
( ( )\___ | '_ | '_| | '_ \/ _` | \ \ \ \
 \\/  ___)| |_)| | | | | || (_| |  ) ) ) )
  '  |____| .__|_| |_|_| |_\__, | / / / /
 =========|_|==============|___/=/_/_/_/

 :: Spring Boot ::                (v3.3.1)

2024-07-23T15:01:13.888-10:00  INFO 17556 --- [productos2826502] [           main] p.s.j.p.Productos2826502ApplicationTests : Starting Productos2826502ApplicationTests using Java 21.0.3 with PID 17556 (started by Aprendiz in C:\Users\Aprendiz\Desktop\Productos2826502\productos2826502)
2024-07-23T15:01:13.890-10:00  INFO 17556 --- [productos2826502] [           main] p.s.j.p.Productos2826502ApplicationTests : No active profile set, falling back to 1 default profile: "default"
2024-07-23T15:01:16.175-10:00  INFO 17556 --- [productos2826502] [           main] p.s.j.p.Productos2826502ApplicationTests : Started Productos2826502ApplicationTests in 2.784 seconds (process running for 4.307)
]]></system-out>
    <system-err><![CDATA[WARNING: A Java agent has been loaded dynamically (C:\Users\Aprendiz\.m2\repository\net\bytebuddy\byte-buddy-agent\1.14.17\byte-buddy-agent-1.14.17.jar)
WARNING: If a serviceability tool is in use, please run with -XX:+EnableDynamicAgentLoading to hide this warning
WARNING: If a serviceability tool is not in use, please run with -Djdk.instrument.traceUsage for more information
WARNING: Dynamic loading of agents will be disallowed by default in a future release
]]></system-err>
  </testcase>
</testsuite>